2025-08-24 00:05:59,052 [ERROR] ATTENDANCE ERROR: None - User: Erreur lors de la récupération du pointage du jour: (sqlite3.OperationalError) no such column: pointages.mission_id
[SQL: SELECT pointages.id AS pointages_id, pointages.user_id AS pointages_user_id, pointages.type AS pointages_type, pointages.date_pointage AS pointages_date_pointage, pointages.heure_arrivee AS pointages_heure_arrivee, pointages.heure_depart AS pointages_heure_depart, pointages.statut AS pointages_statut, pointages.latitude AS pointages_latitude, pointages.longitude AS pointages_longitude, pointages.office_id AS pointages_office_id, pointages.distance AS pointages_distance, pointages.mission_id AS pointages_mission_id, pointages.mission_order_number AS pointages_mission_order_number, pointages.is_equalized AS pointages_is_equalized, pointages.is_qr_scan AS pointages_is_qr_scan, pointages.is_offline AS pointages_is_offline, pointages.sync_status AS pointages_sync_status, pointages.offline_timestamp AS pointages_offline_timestamp, pointages.delay_reason AS pointages_delay_reason, pointages.delay_category AS pointages_delay_category, pointages.is_justified AS pointages_is_justified, pointages.created_at AS pointages_created_at, pointages.updated_at AS pointages_updated_at 
FROM pointages 
WHERE pointages.user_id = ? AND pointages.date_pointage = ?
 LIMIT ? OFFSET ?]
[parameters: (3, '2025-08-24', 1, 0)]
(Background on this error at: https://sqlalche.me/e/20/e3q8) - Details: None
2025-08-24 00:05:59,063 [ERROR] ATTENDANCE ERROR: None - User: Erreur lors de la récupération du pointage du jour: (sqlite3.OperationalError) no such column: pointages.mission_id
[SQL: SELECT pointages.id AS pointages_id, pointages.user_id AS pointages_user_id, pointages.type AS pointages_type, pointages.date_pointage AS pointages_date_pointage, pointages.heure_arrivee AS pointages_heure_arrivee, pointages.heure_depart AS pointages_heure_depart, pointages.statut AS pointages_statut, pointages.latitude AS pointages_latitude, pointages.longitude AS pointages_longitude, pointages.office_id AS pointages_office_id, pointages.distance AS pointages_distance, pointages.mission_id AS pointages_mission_id, pointages.mission_order_number AS pointages_mission_order_number, pointages.is_equalized AS pointages_is_equalized, pointages.is_qr_scan AS pointages_is_qr_scan, pointages.is_offline AS pointages_is_offline, pointages.sync_status AS pointages_sync_status, pointages.offline_timestamp AS pointages_offline_timestamp, pointages.delay_reason AS pointages_delay_reason, pointages.delay_category AS pointages_delay_category, pointages.is_justified AS pointages_is_justified, pointages.created_at AS pointages_created_at, pointages.updated_at AS pointages_updated_at 
FROM pointages 
WHERE pointages.user_id = ? AND pointages.date_pointage = ?
 LIMIT ? OFFSET ?]
[parameters: (3, '2025-08-24', 1, 0)]
(Background on this error at: https://sqlalche.me/e/20/e3q8) - Details: None
2025-08-24 00:06:36,180 [ERROR] ATTENDANCE ERROR: None - User: Erreur lors de la récupération du pointage du jour: (sqlite3.OperationalError) no such column: pointages.mission_id
[SQL: SELECT pointages.id AS pointages_id, pointages.user_id AS pointages_user_id, pointages.type AS pointages_type, pointages.date_pointage AS pointages_date_pointage, pointages.heure_arrivee AS pointages_heure_arrivee, pointages.heure_depart AS pointages_heure_depart, pointages.statut AS pointages_statut, pointages.latitude AS pointages_latitude, pointages.longitude AS pointages_longitude, pointages.office_id AS pointages_office_id, pointages.distance AS pointages_distance, pointages.mission_id AS pointages_mission_id, pointages.mission_order_number AS pointages_mission_order_number, pointages.is_equalized AS pointages_is_equalized, pointages.is_qr_scan AS pointages_is_qr_scan, pointages.is_offline AS pointages_is_offline, pointages.sync_status AS pointages_sync_status, pointages.offline_timestamp AS pointages_offline_timestamp, pointages.delay_reason AS pointages_delay_reason, pointages.delay_category AS pointages_delay_category, pointages.is_justified AS pointages_is_justified, pointages.created_at AS pointages_created_at, pointages.updated_at AS pointages_updated_at 
FROM pointages 
WHERE pointages.user_id = ? AND pointages.date_pointage = ?
 LIMIT ? OFFSET ?]
[parameters: (3, '2025-08-24', 1, 0)]
(Background on this error at: https://sqlalche.me/e/20/e3q8) - Details: None
2025-08-24 00:06:36,193 [ERROR] ATTENDANCE ERROR: None - User: Erreur lors de la récupération du pointage du jour: (sqlite3.OperationalError) no such column: pointages.mission_id
[SQL: SELECT pointages.id AS pointages_id, pointages.user_id AS pointages_user_id, pointages.type AS pointages_type, pointages.date_pointage AS pointages_date_pointage, pointages.heure_arrivee AS pointages_heure_arrivee, pointages.heure_depart AS pointages_heure_depart, pointages.statut AS pointages_statut, pointages.latitude AS pointages_latitude, pointages.longitude AS pointages_longitude, pointages.office_id AS pointages_office_id, pointages.distance AS pointages_distance, pointages.mission_id AS pointages_mission_id, pointages.mission_order_number AS pointages_mission_order_number, pointages.is_equalized AS pointages_is_equalized, pointages.is_qr_scan AS pointages_is_qr_scan, pointages.is_offline AS pointages_is_offline, pointages.sync_status AS pointages_sync_status, pointages.offline_timestamp AS pointages_offline_timestamp, pointages.delay_reason AS pointages_delay_reason, pointages.delay_category AS pointages_delay_category, pointages.is_justified AS pointages_is_justified, pointages.created_at AS pointages_created_at, pointages.updated_at AS pointages_updated_at 
FROM pointages 
WHERE pointages.user_id = ? AND pointages.date_pointage = ?
 LIMIT ? OFFSET ?]
[parameters: (3, '2025-08-24', 1, 0)]
(Background on this error at: https://sqlalche.me/e/20/e3q8) - Details: None
2025-08-24 00:07:09,633 [ERROR] ATTENDANCE ERROR: None - User: Erreur lors de la récupération du pointage du jour: (sqlite3.OperationalError) no such column: pointages.mission_id
[SQL: SELECT pointages.id AS pointages_id, pointages.user_id AS pointages_user_id, pointages.type AS pointages_type, pointages.date_pointage AS pointages_date_pointage, pointages.heure_arrivee AS pointages_heure_arrivee, pointages.heure_depart AS pointages_heure_depart, pointages.statut AS pointages_statut, pointages.latitude AS pointages_latitude, pointages.longitude AS pointages_longitude, pointages.office_id AS pointages_office_id, pointages.distance AS pointages_distance, pointages.mission_id AS pointages_mission_id, pointages.mission_order_number AS pointages_mission_order_number, pointages.is_equalized AS pointages_is_equalized, pointages.is_qr_scan AS pointages_is_qr_scan, pointages.is_offline AS pointages_is_offline, pointages.sync_status AS pointages_sync_status, pointages.offline_timestamp AS pointages_offline_timestamp, pointages.delay_reason AS pointages_delay_reason, pointages.delay_category AS pointages_delay_category, pointages.is_justified AS pointages_is_justified, pointages.created_at AS pointages_created_at, pointages.updated_at AS pointages_updated_at 
FROM pointages 
WHERE pointages.user_id = ? AND pointages.date_pointage = ?
 LIMIT ? OFFSET ?]
[parameters: (3, '2025-08-24', 1, 0)]
(Background on this error at: https://sqlalche.me/e/20/e3q8) - Details: None
2025-08-24 00:07:09,634 [ERROR] ATTENDANCE ERROR: None - User: Erreur lors de la récupération du pointage du jour: (sqlite3.OperationalError) no such column: pointages.mission_id
[SQL: SELECT pointages.id AS pointages_id, pointages.user_id AS pointages_user_id, pointages.type AS pointages_type, pointages.date_pointage AS pointages_date_pointage, pointages.heure_arrivee AS pointages_heure_arrivee, pointages.heure_depart AS pointages_heure_depart, pointages.statut AS pointages_statut, pointages.latitude AS pointages_latitude, pointages.longitude AS pointages_longitude, pointages.office_id AS pointages_office_id, pointages.distance AS pointages_distance, pointages.mission_id AS pointages_mission_id, pointages.mission_order_number AS pointages_mission_order_number, pointages.is_equalized AS pointages_is_equalized, pointages.is_qr_scan AS pointages_is_qr_scan, pointages.is_offline AS pointages_is_offline, pointages.sync_status AS pointages_sync_status, pointages.offline_timestamp AS pointages_offline_timestamp, pointages.delay_reason AS pointages_delay_reason, pointages.delay_category AS pointages_delay_category, pointages.is_justified AS pointages_is_justified, pointages.created_at AS pointages_created_at, pointages.updated_at AS pointages_updated_at 
FROM pointages 
WHERE pointages.user_id = ? AND pointages.date_pointage = ?
 LIMIT ? OFFSET ?]
[parameters: (3, '2025-08-24', 1, 0)]
(Background on this error at: https://sqlalche.me/e/20/e3q8) - Details: None
2025-08-24 00:08:37,944 [ERROR] ATTENDANCE ERROR: None - User: Erreur lors de la récupération du pointage du jour: (sqlite3.OperationalError) no such column: pointages.mission_id
[SQL: SELECT pointages.id AS pointages_id, pointages.user_id AS pointages_user_id, pointages.type AS pointages_type, pointages.date_pointage AS pointages_date_pointage, pointages.heure_arrivee AS pointages_heure_arrivee, pointages.heure_depart AS pointages_heure_depart, pointages.statut AS pointages_statut, pointages.latitude AS pointages_latitude, pointages.longitude AS pointages_longitude, pointages.office_id AS pointages_office_id, pointages.distance AS pointages_distance, pointages.mission_id AS pointages_mission_id, pointages.mission_order_number AS pointages_mission_order_number, pointages.is_equalized AS pointages_is_equalized, pointages.is_qr_scan AS pointages_is_qr_scan, pointages.is_offline AS pointages_is_offline, pointages.sync_status AS pointages_sync_status, pointages.offline_timestamp AS pointages_offline_timestamp, pointages.delay_reason AS pointages_delay_reason, pointages.delay_category AS pointages_delay_category, pointages.is_justified AS pointages_is_justified, pointages.created_at AS pointages_created_at, pointages.updated_at AS pointages_updated_at 
FROM pointages 
WHERE pointages.user_id = ? AND pointages.date_pointage = ?
 LIMIT ? OFFSET ?]
[parameters: (4, '2025-08-24', 1, 0)]
(Background on this error at: https://sqlalche.me/e/20/e3q8) - Details: None
2025-08-24 00:08:37,944 [ERROR] ATTENDANCE ERROR: None - User: Erreur lors de la récupération du pointage du jour: (sqlite3.OperationalError) no such column: pointages.mission_id
[SQL: SELECT pointages.id AS pointages_id, pointages.user_id AS pointages_user_id, pointages.type AS pointages_type, pointages.date_pointage AS pointages_date_pointage, pointages.heure_arrivee AS pointages_heure_arrivee, pointages.heure_depart AS pointages_heure_depart, pointages.statut AS pointages_statut, pointages.latitude AS pointages_latitude, pointages.longitude AS pointages_longitude, pointages.office_id AS pointages_office_id, pointages.distance AS pointages_distance, pointages.mission_id AS pointages_mission_id, pointages.mission_order_number AS pointages_mission_order_number, pointages.is_equalized AS pointages_is_equalized, pointages.is_qr_scan AS pointages_is_qr_scan, pointages.is_offline AS pointages_is_offline, pointages.sync_status AS pointages_sync_status, pointages.offline_timestamp AS pointages_offline_timestamp, pointages.delay_reason AS pointages_delay_reason, pointages.delay_category AS pointages_delay_category, pointages.is_justified AS pointages_is_justified, pointages.created_at AS pointages_created_at, pointages.updated_at AS pointages_updated_at 
FROM pointages 
WHERE pointages.user_id = ? AND pointages.date_pointage = ?
 LIMIT ? OFFSET ?]
[parameters: (4, '2025-08-24', 1, 0)]
(Background on this error at: https://sqlalche.me/e/20/e3q8) - Details: None
2025-08-24 00:14:06,283 [ERROR] ATTENDANCE ERROR: None - User: Erreur lors de la récupération du pointage du jour: (sqlite3.OperationalError) no such column: pointages.mission_id
[SQL: SELECT pointages.id AS pointages_id, pointages.user_id AS pointages_user_id, pointages.type AS pointages_type, pointages.date_pointage AS pointages_date_pointage, pointages.heure_arrivee AS pointages_heure_arrivee, pointages.heure_depart AS pointages_heure_depart, pointages.statut AS pointages_statut, pointages.latitude AS pointages_latitude, pointages.longitude AS pointages_longitude, pointages.office_id AS pointages_office_id, pointages.distance AS pointages_distance, pointages.mission_id AS pointages_mission_id, pointages.mission_order_number AS pointages_mission_order_number, pointages.is_equalized AS pointages_is_equalized, pointages.is_qr_scan AS pointages_is_qr_scan, pointages.is_offline AS pointages_is_offline, pointages.sync_status AS pointages_sync_status, pointages.offline_timestamp AS pointages_offline_timestamp, pointages.delay_reason AS pointages_delay_reason, pointages.delay_category AS pointages_delay_category, pointages.is_justified AS pointages_is_justified, pointages.created_at AS pointages_created_at, pointages.updated_at AS pointages_updated_at 
FROM pointages 
WHERE pointages.user_id = ? AND pointages.date_pointage = ?
 LIMIT ? OFFSET ?]
[parameters: (2, '2025-08-24', 1, 0)]
(Background on this error at: https://sqlalche.me/e/20/e3q8) - Details: None
2025-08-24 00:14:06,297 [ERROR] ATTENDANCE ERROR: None - User: Erreur lors de la récupération du pointage du jour: (sqlite3.OperationalError) no such column: pointages.mission_id
[SQL: SELECT pointages.id AS pointages_id, pointages.user_id AS pointages_user_id, pointages.type AS pointages_type, pointages.date_pointage AS pointages_date_pointage, pointages.heure_arrivee AS pointages_heure_arrivee, pointages.heure_depart AS pointages_heure_depart, pointages.statut AS pointages_statut, pointages.latitude AS pointages_latitude, pointages.longitude AS pointages_longitude, pointages.office_id AS pointages_office_id, pointages.distance AS pointages_distance, pointages.mission_id AS pointages_mission_id, pointages.mission_order_number AS pointages_mission_order_number, pointages.is_equalized AS pointages_is_equalized, pointages.is_qr_scan AS pointages_is_qr_scan, pointages.is_offline AS pointages_is_offline, pointages.sync_status AS pointages_sync_status, pointages.offline_timestamp AS pointages_offline_timestamp, pointages.delay_reason AS pointages_delay_reason, pointages.delay_category AS pointages_delay_category, pointages.is_justified AS pointages_is_justified, pointages.created_at AS pointages_created_at, pointages.updated_at AS pointages_updated_at 
FROM pointages 
WHERE pointages.user_id = ? AND pointages.date_pointage = ?
 LIMIT ? OFFSET ?]
[parameters: (2, '2025-08-24', 1, 0)]
(Background on this error at: https://sqlalche.me/e/20/e3q8) - Details: None
2025-08-24 21:04:24,796 [ERROR] ATTENDANCE ERROR: None - User: Erreur lors de la récupération du pointage du jour: (sqlite3.OperationalError) no such column: pointages.mission_id
[SQL: SELECT pointages.id AS pointages_id, pointages.user_id AS pointages_user_id, pointages.type AS pointages_type, pointages.date_pointage AS pointages_date_pointage, pointages.heure_arrivee AS pointages_heure_arrivee, pointages.heure_depart AS pointages_heure_depart, pointages.statut AS pointages_statut, pointages.latitude AS pointages_latitude, pointages.longitude AS pointages_longitude, pointages.office_id AS pointages_office_id, pointages.distance AS pointages_distance, pointages.mission_id AS pointages_mission_id, pointages.mission_order_number AS pointages_mission_order_number, pointages.is_equalized AS pointages_is_equalized, pointages.is_qr_scan AS pointages_is_qr_scan, pointages.is_offline AS pointages_is_offline, pointages.sync_status AS pointages_sync_status, pointages.offline_timestamp AS pointages_offline_timestamp, pointages.delay_reason AS pointages_delay_reason, pointages.delay_category AS pointages_delay_category, pointages.is_justified AS pointages_is_justified, pointages.created_at AS pointages_created_at, pointages.updated_at AS pointages_updated_at 
FROM pointages 
WHERE pointages.user_id = ? AND pointages.date_pointage = ?
 LIMIT ? OFFSET ?]
[parameters: (4, '2025-08-24', 1, 0)]
(Background on this error at: https://sqlalche.me/e/20/e3q8) - Details: None
2025-08-24 21:04:24,816 [ERROR] ATTENDANCE ERROR: None - User: Erreur lors de la récupération du pointage du jour: (sqlite3.OperationalError) no such column: pointages.mission_id
[SQL: SELECT pointages.id AS pointages_id, pointages.user_id AS pointages_user_id, pointages.type AS pointages_type, pointages.date_pointage AS pointages_date_pointage, pointages.heure_arrivee AS pointages_heure_arrivee, pointages.heure_depart AS pointages_heure_depart, pointages.statut AS pointages_statut, pointages.latitude AS pointages_latitude, pointages.longitude AS pointages_longitude, pointages.office_id AS pointages_office_id, pointages.distance AS pointages_distance, pointages.mission_id AS pointages_mission_id, pointages.mission_order_number AS pointages_mission_order_number, pointages.is_equalized AS pointages_is_equalized, pointages.is_qr_scan AS pointages_is_qr_scan, pointages.is_offline AS pointages_is_offline, pointages.sync_status AS pointages_sync_status, pointages.offline_timestamp AS pointages_offline_timestamp, pointages.delay_reason AS pointages_delay_reason, pointages.delay_category AS pointages_delay_category, pointages.is_justified AS pointages_is_justified, pointages.created_at AS pointages_created_at, pointages.updated_at AS pointages_updated_at 
FROM pointages 
WHERE pointages.user_id = ? AND pointages.date_pointage = ?
 LIMIT ? OFFSET ?]
[parameters: (4, '2025-08-24', 1, 0)]
(Background on this error at: https://sqlalche.me/e/20/e3q8) - Details: None
2025-08-24 21:04:39,200 [ERROR] ATTENDANCE ERROR: None - User: Erreur lors de la récupération du pointage du jour: (sqlite3.OperationalError) no such column: pointages.mission_id
[SQL: SELECT pointages.id AS pointages_id, pointages.user_id AS pointages_user_id, pointages.type AS pointages_type, pointages.date_pointage AS pointages_date_pointage, pointages.heure_arrivee AS pointages_heure_arrivee, pointages.heure_depart AS pointages_heure_depart, pointages.statut AS pointages_statut, pointages.latitude AS pointages_latitude, pointages.longitude AS pointages_longitude, pointages.office_id AS pointages_office_id, pointages.distance AS pointages_distance, pointages.mission_id AS pointages_mission_id, pointages.mission_order_number AS pointages_mission_order_number, pointages.is_equalized AS pointages_is_equalized, pointages.is_qr_scan AS pointages_is_qr_scan, pointages.is_offline AS pointages_is_offline, pointages.sync_status AS pointages_sync_status, pointages.offline_timestamp AS pointages_offline_timestamp, pointages.delay_reason AS pointages_delay_reason, pointages.delay_category AS pointages_delay_category, pointages.is_justified AS pointages_is_justified, pointages.created_at AS pointages_created_at, pointages.updated_at AS pointages_updated_at 
FROM pointages 
WHERE pointages.user_id = ? AND pointages.date_pointage = ?
 LIMIT ? OFFSET ?]
[parameters: (4, '2025-08-24', 1, 0)]
(Background on this error at: https://sqlalche.me/e/20/e3q8) - Details: None
2025-08-24 21:04:39,218 [ERROR] ATTENDANCE ERROR: None - User: Erreur lors de la récupération du pointage du jour: (sqlite3.OperationalError) no such column: pointages.mission_id
[SQL: SELECT pointages.id AS pointages_id, pointages.user_id AS pointages_user_id, pointages.type AS pointages_type, pointages.date_pointage AS pointages_date_pointage, pointages.heure_arrivee AS pointages_heure_arrivee, pointages.heure_depart AS pointages_heure_depart, pointages.statut AS pointages_statut, pointages.latitude AS pointages_latitude, pointages.longitude AS pointages_longitude, pointages.office_id AS pointages_office_id, pointages.distance AS pointages_distance, pointages.mission_id AS pointages_mission_id, pointages.mission_order_number AS pointages_mission_order_number, pointages.is_equalized AS pointages_is_equalized, pointages.is_qr_scan AS pointages_is_qr_scan, pointages.is_offline AS pointages_is_offline, pointages.sync_status AS pointages_sync_status, pointages.offline_timestamp AS pointages_offline_timestamp, pointages.delay_reason AS pointages_delay_reason, pointages.delay_category AS pointages_delay_category, pointages.is_justified AS pointages_is_justified, pointages.created_at AS pointages_created_at, pointages.updated_at AS pointages_updated_at 
FROM pointages 
WHERE pointages.user_id = ? AND pointages.date_pointage = ?
 LIMIT ? OFFSET ?]
[parameters: (4, '2025-08-24', 1, 0)]
(Background on this error at: https://sqlalche.me/e/20/e3q8) - Details: None
