2025-10-28 22:09:30,555 [ERROR] ATTENDANCE ERROR: get_today_attendance - User: 2 - Details: (sqlite3.OperationalError) no such column: pointages.accuracy
[SQL: SELECT pointages.id AS pointages_id, pointages.user_id AS pointages_user_id, pointages.type AS pointages_type, pointages.date_pointage AS pointages_date_pointage, pointages.heure_arrivee AS pointages_heure_arrivee, pointages.heure_depart AS pointages_heure_depart, pointages.statut AS pointages_statut, pointages.latitude AS pointages_latitude, pointages.longitude AS pointages_longitude, pointages.accuracy AS pointages_accuracy, pointages.altitude AS pointages_altitude, pointages.heading AS pointages_heading, pointages.speed AS pointages_speed, pointages.office_id AS pointages_office_id, pointages.distance AS pointages_distance, pointages.mission_id AS pointages_mission_id, pointages.mission_order_number AS pointages_mission_order_number, pointages.is_equalized AS pointages_is_equalized, pointages.is_qr_scan AS pointages_is_qr_scan, pointages.is_offline AS pointages_is_offline, pointages.sync_status AS pointages_sync_status, pointages.offline_timestamp AS pointages_offline_timestamp, pointages.device_id AS pointages_device_id, pointages.delay_reason AS pointages_delay_reason, pointages.delay_category AS pointages_delay_category, pointages.is_justified AS pointages_is_justified, pointages.created_at AS pointages_created_at, pointages.updated_at AS pointages_updated_at 
FROM pointages 
WHERE pointages.user_id = ? AND pointages.date_pointage = ?
 LIMIT ? OFFSET ?]
[parameters: (2, '2025-10-28', 1, 0)]
(Background on this error at: https://sqlalche.me/e/20/e3q8)
2025-10-28 22:09:30,891 [ERROR] ATTENDANCE ERROR: get_today_attendance - User: 2 - Details: (sqlite3.OperationalError) no such column: pointages.accuracy
[SQL: SELECT pointages.id AS pointages_id, pointages.user_id AS pointages_user_id, pointages.type AS pointages_type, pointages.date_pointage AS pointages_date_pointage, pointages.heure_arrivee AS pointages_heure_arrivee, pointages.heure_depart AS pointages_heure_depart, pointages.statut AS pointages_statut, pointages.latitude AS pointages_latitude, pointages.longitude AS pointages_longitude, pointages.accuracy AS pointages_accuracy, pointages.altitude AS pointages_altitude, pointages.heading AS pointages_heading, pointages.speed AS pointages_speed, pointages.office_id AS pointages_office_id, pointages.distance AS pointages_distance, pointages.mission_id AS pointages_mission_id, pointages.mission_order_number AS pointages_mission_order_number, pointages.is_equalized AS pointages_is_equalized, pointages.is_qr_scan AS pointages_is_qr_scan, pointages.is_offline AS pointages_is_offline, pointages.sync_status AS pointages_sync_status, pointages.offline_timestamp AS pointages_offline_timestamp, pointages.device_id AS pointages_device_id, pointages.delay_reason AS pointages_delay_reason, pointages.delay_category AS pointages_delay_category, pointages.is_justified AS pointages_is_justified, pointages.created_at AS pointages_created_at, pointages.updated_at AS pointages_updated_at 
FROM pointages 
WHERE pointages.user_id = ? AND pointages.date_pointage = ?
 LIMIT ? OFFSET ?]
[parameters: (2, '2025-10-28', 1, 0)]
(Background on this error at: https://sqlalche.me/e/20/e3q8)
2025-10-28 22:10:57,708 [ERROR] ATTENDANCE ERROR: get_today_attendance - User: 2 - Details: (sqlite3.OperationalError) no such column: pointages.accuracy
[SQL: SELECT pointages.id AS pointages_id, pointages.user_id AS pointages_user_id, pointages.type AS pointages_type, pointages.date_pointage AS pointages_date_pointage, pointages.heure_arrivee AS pointages_heure_arrivee, pointages.heure_depart AS pointages_heure_depart, pointages.statut AS pointages_statut, pointages.latitude AS pointages_latitude, pointages.longitude AS pointages_longitude, pointages.accuracy AS pointages_accuracy, pointages.altitude AS pointages_altitude, pointages.heading AS pointages_heading, pointages.speed AS pointages_speed, pointages.office_id AS pointages_office_id, pointages.distance AS pointages_distance, pointages.mission_id AS pointages_mission_id, pointages.mission_order_number AS pointages_mission_order_number, pointages.is_equalized AS pointages_is_equalized, pointages.is_qr_scan AS pointages_is_qr_scan, pointages.is_offline AS pointages_is_offline, pointages.sync_status AS pointages_sync_status, pointages.offline_timestamp AS pointages_offline_timestamp, pointages.device_id AS pointages_device_id, pointages.delay_reason AS pointages_delay_reason, pointages.delay_category AS pointages_delay_category, pointages.is_justified AS pointages_is_justified, pointages.created_at AS pointages_created_at, pointages.updated_at AS pointages_updated_at 
FROM pointages 
WHERE pointages.user_id = ? AND pointages.date_pointage = ?
 LIMIT ? OFFSET ?]
[parameters: (2, '2025-10-28', 1, 0)]
(Background on this error at: https://sqlalche.me/e/20/e3q8)
2025-10-28 22:10:57,760 [ERROR] ATTENDANCE ERROR: get_today_attendance - User: 2 - Details: (sqlite3.OperationalError) no such column: pointages.accuracy
[SQL: SELECT pointages.id AS pointages_id, pointages.user_id AS pointages_user_id, pointages.type AS pointages_type, pointages.date_pointage AS pointages_date_pointage, pointages.heure_arrivee AS pointages_heure_arrivee, pointages.heure_depart AS pointages_heure_depart, pointages.statut AS pointages_statut, pointages.latitude AS pointages_latitude, pointages.longitude AS pointages_longitude, pointages.accuracy AS pointages_accuracy, pointages.altitude AS pointages_altitude, pointages.heading AS pointages_heading, pointages.speed AS pointages_speed, pointages.office_id AS pointages_office_id, pointages.distance AS pointages_distance, pointages.mission_id AS pointages_mission_id, pointages.mission_order_number AS pointages_mission_order_number, pointages.is_equalized AS pointages_is_equalized, pointages.is_qr_scan AS pointages_is_qr_scan, pointages.is_offline AS pointages_is_offline, pointages.sync_status AS pointages_sync_status, pointages.offline_timestamp AS pointages_offline_timestamp, pointages.device_id AS pointages_device_id, pointages.delay_reason AS pointages_delay_reason, pointages.delay_category AS pointages_delay_category, pointages.is_justified AS pointages_is_justified, pointages.created_at AS pointages_created_at, pointages.updated_at AS pointages_updated_at 
FROM pointages 
WHERE pointages.user_id = ? AND pointages.date_pointage = ?
 LIMIT ? OFFSET ?]
[parameters: (2, '2025-10-28', 1, 0)]
(Background on this error at: https://sqlalche.me/e/20/e3q8)
2025-10-28 22:12:08,999 [ERROR] ATTENDANCE ERROR: get_today_attendance - User: 2 - Details: (sqlite3.OperationalError) no such column: pointages.accuracy
[SQL: SELECT pointages.id AS pointages_id, pointages.user_id AS pointages_user_id, pointages.type AS pointages_type, pointages.date_pointage AS pointages_date_pointage, pointages.heure_arrivee AS pointages_heure_arrivee, pointages.heure_depart AS pointages_heure_depart, pointages.statut AS pointages_statut, pointages.latitude AS pointages_latitude, pointages.longitude AS pointages_longitude, pointages.accuracy AS pointages_accuracy, pointages.altitude AS pointages_altitude, pointages.heading AS pointages_heading, pointages.speed AS pointages_speed, pointages.office_id AS pointages_office_id, pointages.distance AS pointages_distance, pointages.mission_id AS pointages_mission_id, pointages.mission_order_number AS pointages_mission_order_number, pointages.is_equalized AS pointages_is_equalized, pointages.is_qr_scan AS pointages_is_qr_scan, pointages.is_offline AS pointages_is_offline, pointages.sync_status AS pointages_sync_status, pointages.offline_timestamp AS pointages_offline_timestamp, pointages.device_id AS pointages_device_id, pointages.delay_reason AS pointages_delay_reason, pointages.delay_category AS pointages_delay_category, pointages.is_justified AS pointages_is_justified, pointages.created_at AS pointages_created_at, pointages.updated_at AS pointages_updated_at 
FROM pointages 
WHERE pointages.user_id = ? AND pointages.date_pointage = ?
 LIMIT ? OFFSET ?]
[parameters: (2, '2025-10-28', 1, 0)]
(Background on this error at: https://sqlalche.me/e/20/e3q8)
2025-10-28 22:12:09,063 [ERROR] ATTENDANCE ERROR: get_today_attendance - User: 2 - Details: (sqlite3.OperationalError) no such column: pointages.accuracy
[SQL: SELECT pointages.id AS pointages_id, pointages.user_id AS pointages_user_id, pointages.type AS pointages_type, pointages.date_pointage AS pointages_date_pointage, pointages.heure_arrivee AS pointages_heure_arrivee, pointages.heure_depart AS pointages_heure_depart, pointages.statut AS pointages_statut, pointages.latitude AS pointages_latitude, pointages.longitude AS pointages_longitude, pointages.accuracy AS pointages_accuracy, pointages.altitude AS pointages_altitude, pointages.heading AS pointages_heading, pointages.speed AS pointages_speed, pointages.office_id AS pointages_office_id, pointages.distance AS pointages_distance, pointages.mission_id AS pointages_mission_id, pointages.mission_order_number AS pointages_mission_order_number, pointages.is_equalized AS pointages_is_equalized, pointages.is_qr_scan AS pointages_is_qr_scan, pointages.is_offline AS pointages_is_offline, pointages.sync_status AS pointages_sync_status, pointages.offline_timestamp AS pointages_offline_timestamp, pointages.device_id AS pointages_device_id, pointages.delay_reason AS pointages_delay_reason, pointages.delay_category AS pointages_delay_category, pointages.is_justified AS pointages_is_justified, pointages.created_at AS pointages_created_at, pointages.updated_at AS pointages_updated_at 
FROM pointages 
WHERE pointages.user_id = ? AND pointages.date_pointage = ?
 LIMIT ? OFFSET ?]
[parameters: (2, '2025-10-28', 1, 0)]
(Background on this error at: https://sqlalche.me/e/20/e3q8)
